[debug] [2026-02-27T16:25:45.717Z] ----------------------------------------------------------------------
[debug] [2026-02-27T16:25:45.722Z] Command:       C:\Program Files\nodejs\node.exe C:\Users\hp\AppData\Roaming\npm\node_modules\firebase-tools\lib\bin\firebase.js login:ci
[debug] [2026-02-27T16:25:45.722Z] CLI Version:   15.7.0
[debug] [2026-02-27T16:25:45.723Z] Platform:      win32
[debug] [2026-02-27T16:25:45.723Z] Node Version:  v22.13.1
[debug] [2026-02-27T16:25:45.723Z] Time:          Fri Feb 27 2026 21:55:45 GMT+0530 (India Standard Time)
[debug] [2026-02-27T16:25:45.723Z] ----------------------------------------------------------------------
[debug] 
[warn] !  Authenticating with a `login:ci` token is deprecated and will be removed in a future major version of `firebase-tools`. Instead, use a service account key with `GOOGLE_APPLICATION_CREDENTIALS`: https://cloud.google.com/docs/authentication/getting-started 
[info] 
[info] Visit this URL on this device to log in:
[info] https://accounts.google.com/o/oauth2/auth?client_id=563584335869-fgrhgmd47bqnekij5i8b5pr03ho849e6.apps.googleusercontent.com&scope=email%20openid%20https%3A%2F%2Fwww.googleapis.com%2Fauth%2Fcloudplatformprojects.readonly%20https%3A%2F%2Fwww.googleapis.com%2Fauth%2Ffirebase%20https%3A%2F%2Fwww.googleapis.com%2Fauth%2Fcloud-platform&response_type=code&state=143700562&redirect_uri=http%3A%2F%2Flocalhost%3A9005
[info] 
[info] Waiting for authentication...
[debug] [2026-02-27T16:26:05.749Z] ----------------------------------------------------------------------
[debug] [2026-02-27T16:26:05.752Z] Command:       C:\Program Files\nodejs\node.exe C:\Users\hp\AppData\Roaming\npm\node_modules\firebase-tools\lib\bin\firebase.js init hosting:github
[debug] [2026-02-27T16:26:05.753Z] CLI Version:   15.7.0
[debug] [2026-02-27T16:26:05.753Z] Platform:      win32
[debug] [2026-02-27T16:26:05.754Z] Node Version:  v22.13.1
[debug] [2026-02-27T16:26:05.754Z] Time:          Fri Feb 27 2026 21:56:05 GMT+0530 (India Standard Time)
[debug] [2026-02-27T16:26:05.754Z] ----------------------------------------------------------------------
[debug] 
[info] 
     ######## #### ########  ######## ########     ###     ######  ########
     ##        ##  ##     ## ##       ##     ##  ##   ##  ##       ##
     ######    ##  ########  ######   ########  #########  ######  ######
     ##        ##  ##    ##  ##       ##     ## ##     ##       ## ##
     ##       #### ##     ## ######## ########  ##     ##  ######  ########

You're about to initialize a Firebase project in this directory:

  D:\labideal

Before we get started, keep in mind:

  * You are initializing within an existing Firebase project directory

[debug] [2026-02-27T16:26:11.724Z] ExitPromptError: User force closed the prompt with SIGINT
    at Interface.sigint (C:\Users\hp\AppData\Roaming\npm\node_modules\firebase-tools\node_modules\@inquirer\core\dist\commonjs\lib\create-prompt.js:101:37)
    at Interface.emit (node:events:524:28)
    at [_ttyWrite] [as _ttyWrite] (node:internal/readline/interface:1124:18)
    at ReadStream.onkeypress (node:internal/readline/interface:263:20)
    at ReadStream.emit (node:events:536:35)
    at emitKeys (node:internal/readline/utils:370:14)
    at emitKeys.next (<anonymous>)
    at ReadStream.onData (node:internal/readline/emitKeypressEvents:64:36)
    at ReadStream.emit (node:events:524:28)
    at addChunk (node:internal/streams/readable:561:12)
[error] 
[error] Error: An unexpected error has occurred.
